<?xml version="1.0" encoding="UTF-8"?>
<!-- Generated by org.testng.reporters.JUnitReportReporter -->
<testsuite hostname="PCW10MAOC" failures="0" tests="2" name="practicaTestNg.Asserts" time="8.003" errors="0" timestamp="01 jun 2018 23:59:33 GMT+00:00" skipped="0">
  <testcase classname="practicaTestNg.Asserts" name="test" time="0.001"/>
  <testcase classname="practicaTestNg.Asserts" name="f" time="8.002"/>
</testsuite> <!-- practicaTestNg.Asserts -->
