<?xml version="1.0" encoding="UTF-8"?>
<!-- Generated by org.testng.reporters.JUnitReportReporter -->
<testsuite hostname="PCW10MAOC" failures="0" tests="1" name="practicaTestNg.ReporterLogs" time="9.306" errors="0" timestamp="26 may 2018 00:23:53 GMT+00:00" skipped="0">
  <testcase classname="practicaTestNg.ReporterLogs" name="test" time="9.306"/>
</testsuite> <!-- practicaTestNg.ReporterLogs -->
