<?xml version="1.0" encoding="UTF-8"?>
<!-- Generated by org.testng.reporters.JUnitReportReporter -->
<testsuite hostname="PCW10MAOC" failures="0" tests="2" name="practicaTestNg.Asserts" time="14.535" errors="0" timestamp="12 jun 2018 15:54:15 GMT+00:00" skipped="0">
  <testcase classname="practicaTestNg.Asserts" name="test" time="0.001"/>
  <testcase classname="practicaTestNg.Asserts" name="f" time="14.534"/>
</testsuite> <!-- practicaTestNg.Asserts -->
