<?xml version="1.0" encoding="UTF-8"?>
<!-- Generated by org.testng.reporters.JUnitReportReporter -->
<testsuite hostname="PCW10MAOC" failures="0" tests="3" name="practicaTestNg.Dependent" time="0.011" errors="0" timestamp="24 may 2018 23:14:43 GMT+00:00" skipped="0">
  <testcase classname="practicaTestNg.Dependent" name="SignIn" time="0.001"/>
  <testcase classname="practicaTestNg.Dependent" name="LogOut" time="0.001"/>
  <testcase classname="practicaTestNg.Dependent" name="OpenBrowser" time="0.009"/>
</testsuite> <!-- practicaTestNg.Dependent -->
