<?xml version="1.0" encoding="UTF-8"?>
<!-- Generated by org.testng.reporters.JUnitReportReporter -->
<testsuite hostname="PCW10MAOC" failures="0" tests="4" name="automationFramework.CorreCaluloNomina" time="43.439" errors="0" timestamp="17 jul 2018 22:13:26 GMT+00:00" skipped="0">
  <testcase classname="automationFramework.CorreCaluloNomina" name="IngresaSistema" time="1.163"/>
  <testcase classname="automationFramework.CorreCaluloNomina" name="compruebaUrl" time="0.006"/>
  <testcase classname="automationFramework.CorreCaluloNomina" name="compruebaIngreso" time="3.042"/>
  <testcase classname="automationFramework.CorreCaluloNomina" name="ConfiguraCalculo" time="39.228"/>
</testsuite> <!-- automationFramework.CorreCaluloNomina -->
