<?xml version="1.0" encoding="UTF-8"?>
<!-- Generated by org.testng.reporters.JUnitReportReporter -->
<testsuite hostname="PCW10MAOC" failures="0" tests="4" name="automationFramework.CorreCalculoNomina" time="42.182" errors="0" timestamp="17 jul 2018 22:43:29 GMT+00:00" skipped="0">
  <testcase classname="automationFramework.CorreCalculoNomina" name="IngresaSistema" time="0.827"/>
  <testcase classname="automationFramework.CorreCalculoNomina" name="compruebaUrl" time="0.007"/>
  <testcase classname="automationFramework.CorreCalculoNomina" name="compruebaIngreso" time="3.044"/>
  <testcase classname="automationFramework.CorreCalculoNomina" name="ConfiguraCalculo" time="38.304"/>
</testsuite> <!-- automationFramework.CorreCalculoNomina -->
