<?xml version="1.0" encoding="UTF-8"?>
<!-- Generated by org.testng.reporters.JUnitReportReporter -->
<testsuite hostname="PCW10MAOC" failures="0" tests="2" name="practicaTestNg.Sequencing" time="0.005" errors="0" timestamp="24 may 2018 22:52:46 GMT+00:00" skipped="0">
  <testcase classname="practicaTestNg.Sequencing" name="testCase1" time="0.003"/>
  <testcase classname="practicaTestNg.Sequencing" name="testCase2" time="0.002"/>
</testsuite> <!-- practicaTestNg.Sequencing -->
