<?xml version="1.0" encoding="UTF-8"?>
<!-- Generated by org.testng.reporters.JUnitReportReporter -->
<testsuite hostname="PCW10MAOC" failures="0" tests="2" name="practicaTestNg.Asserts" time="8.041" errors="0" timestamp="25 may 2018 22:33:51 GMT+00:00" skipped="0">
  <testcase classname="practicaTestNg.Asserts" name="f" time="8.040"/>
  <testcase classname="practicaTestNg.Asserts" name="test" time="0.001"/>
</testsuite> <!-- practicaTestNg.Asserts -->
