<?xml version="1.0" encoding="UTF-8"?>
<!-- Generated by org.testng.reporters.JUnitReportReporter -->
<testsuite hostname="PCW10MAOC" failures="0" tests="5" name="practicaTestNg.Grouping" time="0.011" errors="0" timestamp="24 may 2018 23:08:53 GMT+00:00" skipped="0">
  <testcase classname="practicaTestNg.Grouping" name="Sedan1" time="0.001"/>
  <testcase classname="practicaTestNg.Grouping" name="Car2" time="0.001"/>
  <testcase classname="practicaTestNg.Grouping" name="Scooter1" time="0.000"/>
  <testcase classname="practicaTestNg.Grouping" name="Scooter2" time="0.001"/>
  <testcase classname="practicaTestNg.Grouping" name="Car1" time="0.008"/>
</testsuite> <!-- practicaTestNg.Grouping -->
