<?xml version="1.0" encoding="UTF-8"?>
<!-- Generated by org.testng.reporters.JUnitReportReporter -->
<testsuite hostname="PCW10MAOC" failures="0" tests="4" name="practicaTestNg.MultipleTest" time="0.015" errors="0" timestamp="25 may 2018 22:23:09 GMT+00:00" skipped="2">
  <testcase classname="practicaTestNg.MultipleTest" name="One" time="0.015"/>
  <testcase classname="practicaTestNg.MultipleTest" name="Four" time="0.000"/>
  <testcase classname="practicaTestNg.MultipleTest" name="Two">
    <skipped/>
  </testcase> <!-- Two -->
  <testcase classname="practicaTestNg.MultipleTest" name="Three">
    <skipped/>
  </testcase> <!-- Three -->
</testsuite> <!-- practicaTestNg.MultipleTest -->
